<?xml version="1.0" encoding="UTF-8"?>
<testng-results ignored="0" total="2" passed="2" failed="0" skipped="0">
  <reporter-output>
  </reporter-output>
  <suite started-at="2024-10-09T16:17:26 IDT" name="Default suite" finished-at="2024-10-09T16:17:27 IDT" duration-ms="1247">
    <groups>
    </groups>
    <test started-at="2024-10-09T16:17:26 IDT" name="Default test" finished-at="2024-10-09T16:17:27 IDT" duration-ms="1247">
      <class name="saucedemo">
        <test-method is-config="true" signature="mySetup()[pri:0, instance:saucedemo@189aa67a]" started-at="2024-10-09T16:17:26 IDT" name="mySetup" finished-at="2024-10-09T16:17:26 IDT" duration-ms="617" status="PASS">
          <reporter-output>
          </reporter-output>
        </test-method> <!-- mySetup -->
        <test-method signature="login()[pri:1, instance:saucedemo@189aa67a]" started-at="2024-10-09T16:17:26 IDT" name="login" finished-at="2024-10-09T16:17:27 IDT" duration-ms="264" status="PASS">
          <reporter-output>
          </reporter-output>
        </test-method> <!-- login -->
        <test-method signature="AddItemToThecart()[pri:2, instance:saucedemo@189aa67a]" started-at="2024-10-09T16:17:27 IDT" name="AddItemToThecart" finished-at="2024-10-09T16:17:27 IDT" duration-ms="328" status="PASS">
          <reporter-output>
          </reporter-output>
        </test-method> <!-- AddItemToThecart -->
        <test-method is-config="true" signature="AfterTesting()[pri:0, instance:saucedemo@189aa67a]" started-at="2024-10-09T16:17:27 IDT" name="AfterTesting" finished-at="2024-10-09T16:17:27 IDT" duration-ms="0" status="PASS">
          <reporter-output>
          </reporter-output>
        </test-method> <!-- AfterTesting -->
      </class> <!-- saucedemo -->
    </test> <!-- Default test -->
  </suite> <!-- Default suite -->
</testng-results>
